<?xml version="1.0" encoding="UTF-8"?>
<testsuite name="shield.CateringCompanyClientImpTest" tests="41" skipped="0" failures="0" errors="0" timestamp="2021-04-25T09:22:47" hostname="FAYZ-LAPTOP" time="0.392">
  <properties/>
  <testcase name="testUpdateOrderStatus()" classname="shield.CateringCompanyClientImpTest" time="0.009"/>
  <testcase name="repetition 1 of 20" classname="shield.CateringCompanyClientImpTest" time="0.047"/>
  <testcase name="repetition 2 of 20" classname="shield.CateringCompanyClientImpTest" time="0.01"/>
  <testcase name="repetition 3 of 20" classname="shield.CateringCompanyClientImpTest" time="0.034"/>
  <testcase name="repetition 4 of 20" classname="shield.CateringCompanyClientImpTest" time="0.011"/>
  <testcase name="repetition 5 of 20" classname="shield.CateringCompanyClientImpTest" time="0.01"/>
  <testcase name="repetition 6 of 20" classname="shield.CateringCompanyClientImpTest" time="0.011"/>
  <testcase name="repetition 7 of 20" classname="shield.CateringCompanyClientImpTest" time="0.01"/>
  <testcase name="repetition 8 of 20" classname="shield.CateringCompanyClientImpTest" time="0.014"/>
  <testcase name="repetition 9 of 20" classname="shield.CateringCompanyClientImpTest" time="0.012"/>
  <testcase name="repetition 10 of 20" classname="shield.CateringCompanyClientImpTest" time="0.01"/>
  <testcase name="repetition 11 of 20" classname="shield.CateringCompanyClientImpTest" time="0.012"/>
  <testcase name="repetition 12 of 20" classname="shield.CateringCompanyClientImpTest" time="0.012"/>
  <testcase name="repetition 13 of 20" classname="shield.CateringCompanyClientImpTest" time="0.011"/>
  <testcase name="repetition 14 of 20" classname="shield.CateringCompanyClientImpTest" time="0.011"/>
  <testcase name="repetition 15 of 20" classname="shield.CateringCompanyClientImpTest" time="0.011"/>
  <testcase name="repetition 16 of 20" classname="shield.CateringCompanyClientImpTest" time="0.012"/>
  <testcase name="repetition 17 of 20" classname="shield.CateringCompanyClientImpTest" time="0.008"/>
  <testcase name="repetition 18 of 20" classname="shield.CateringCompanyClientImpTest" time="0.008"/>
  <testcase name="repetition 19 of 20" classname="shield.CateringCompanyClientImpTest" time="0.011"/>
  <testcase name="repetition 20 of 20" classname="shield.CateringCompanyClientImpTest" time="0.008"/>
  <testcase name="repetition 1 of 20" classname="shield.CateringCompanyClientImpTest" time="0.009"/>
  <testcase name="repetition 2 of 20" classname="shield.CateringCompanyClientImpTest" time="0.001"/>
  <testcase name="repetition 3 of 20" classname="shield.CateringCompanyClientImpTest" time="0.002"/>
  <testcase name="repetition 4 of 20" classname="shield.CateringCompanyClientImpTest" time="0.003"/>
  <testcase name="repetition 5 of 20" classname="shield.CateringCompanyClientImpTest" time="0.003"/>
  <testcase name="repetition 6 of 20" classname="shield.CateringCompanyClientImpTest" time="0.002"/>
  <testcase name="repetition 7 of 20" classname="shield.CateringCompanyClientImpTest" time="0.002"/>
  <testcase name="repetition 8 of 20" classname="shield.CateringCompanyClientImpTest" time="0.001"/>
  <testcase name="repetition 9 of 20" classname="shield.CateringCompanyClientImpTest" time="0.002"/>
  <testcase name="repetition 10 of 20" classname="shield.CateringCompanyClientImpTest" time="0.002"/>
  <testcase name="repetition 11 of 20" classname="shield.CateringCompanyClientImpTest" time="0.002"/>
  <testcase name="repetition 12 of 20" classname="shield.CateringCompanyClientImpTest" time="0.002"/>
  <testcase name="repetition 13 of 20" classname="shield.CateringCompanyClientImpTest" time="0.001"/>
  <testcase name="repetition 14 of 20" classname="shield.CateringCompanyClientImpTest" time="0.002"/>
  <testcase name="repetition 15 of 20" classname="shield.CateringCompanyClientImpTest" time="0.002"/>
  <testcase name="repetition 16 of 20" classname="shield.CateringCompanyClientImpTest" time="0.003"/>
  <testcase name="repetition 17 of 20" classname="shield.CateringCompanyClientImpTest" time="0.002"/>
  <testcase name="repetition 18 of 20" classname="shield.CateringCompanyClientImpTest" time="0.001"/>
  <testcase name="repetition 19 of 20" classname="shield.CateringCompanyClientImpTest" time="0.003"/>
  <testcase name="repetition 20 of 20" classname="shield.CateringCompanyClientImpTest" time="0.002"/>
  <system-out><![CDATA[EH113AS
15811_3AS
EHL1_3AS
EH1Y_3AS
EH11_PAS
EH11_37S
EH11_3A6
EH474KD
14747_4KD
EHX7_4KD
EH4C_4KD
EH47_NKD
EH47_44D
EH47_4K0
EH621EF
15662_1EF
EHR2_1EF
EH6R_1EF
EH62_TEF
EH62_14F
EH62_1E1
EH59OP
1505_9OP
EHB_9OP
EH5_LOP
EH5_96P
EH5_9O4
EH462RB
17446_2RB
EHK6_2RB
EH4I_2RB
EH46_NRB
EH46_25B
EH46_2R9
EH975TV
16297_5TV
EHX7_5TV
EH9T_5TV
EH97_DTV
EH97_58V
EH97_5T0
EH306AK
14730_6AK
EHB0_6AK
EH3P_6AK
EH30_WAK
EH30_67K
EH30_6A9
EH839TQ
15383_9TQ
EHM3_9TQ
EH8M_9TQ
EH83_FTQ
EH83_90Q
EH83_9T4
EH79EB
1777_9EB
EHB_9EB
EH7_ZEB
EH7_95B
EH7_9E6
EH407OU
15140_7OU
EHC0_7OU
EH4E_7OU
EH40_POU
EH40_79U
EH40_7O8
EH631EY
14663_1EY
EHY3_1EY
EH6P_1EY
EH63_TEY
EH63_18Y
EH63_1E4
EH804MD
13980_4MD
EHE0_4MD
EH8K_4MD
EH80_LMD
EH80_49D
EH80_4M7
EH66FF
1526_6FF
EHP_6FF
EH6_KFF
EH6_68F
EH6_6F2
EH988HM
14298_8HM
EHP8_8HM
EH9F_8HM
EH98_QHM
EH98_89M
EH98_8H7
EH258RI
14925_8RI
EHP5_8RI
EH2K_8RI
EH25_XRI
EH25_83I
EH25_8R7
EH696NK
16369_6NK
EHH9_6NK
EH6R_6NK
EH69_CNK
EH69_62K
EH69_6N4
EH851PF
14185_1PF
EHQ5_1PF
EH8S_1PF
EH85_ZPF
EH85_19F
EH85_1P1
EH942XP
17294_2XP
EHW4_2XP
EH9A_2XP
EH94_EXP
EH94_26P
EH94_2X1
EH442OA
15444_2OA
EHK4_2OA
EH4X_2OA
EH44_BOA
EH44_20A
EH44_2O2
EH297CH
16929_7CH
EHV9_7CH
EH2N_7CH
EH29_YCH
EH29_72H
EH29_7C5
]]></system-out>
  <system-err><![CDATA[]]></system-err>
</testsuite>
